<?xml version="1.0" encoding="UTF-8"?>
<!-- Generated by org.testng.reporters.JUnitReportReporter -->
<testsuite name="crmtest.HomePageTest" tests="4" time="139.494" ignored="0" failures="0" timestamp="24 May 2020 08:23:04 GMT" skipped="0" hostname="USER-PC" errors="0">
  <testcase name="validateLogoNameTest" time="41.590" classname="crmtest.HomePageTest"/>
  <testcase name="validateUserLabelTest" time="34.578" classname="crmtest.HomePageTest"/>
  <testcase name="clickDealMenuTest" time="35.340" classname="crmtest.HomePageTest"/>
  <testcase name="clickcompaniesMenuTest" time="27.986" classname="crmtest.HomePageTest"/>
</testsuite> <!-- crmtest.HomePageTest -->
