<?xml version="1.0" encoding="UTF-8"?>
<!-- Generated by org.testng.reporters.JUnitReportReporter -->
<testsuite name="crmtest.LoginPageTest" tests="2" time="45.898" ignored="0" failures="0" timestamp="24 May 2020 08:23:04 GMT" skipped="0" hostname="USER-PC" errors="0">
  <testcase name="LoginTest" time="34.374" classname="crmtest.LoginPageTest"/>
  <testcase name="TitleTest" time="11.524" classname="crmtest.LoginPageTest"/>
</testsuite> <!-- crmtest.LoginPageTest -->
