<?xml version="1.0" encoding="UTF-8"?>
<!-- Generated by org.testng.reporters.JUnitReportReporter -->
<testsuite name="crmtest.CreateDealTest" tests="2" time="82.186" ignored="0" failures="0" timestamp="24 May 2020 08:23:04 GMT" skipped="0" hostname="USER-PC" errors="0">
  <testcase name="addDeal" time="40.483" classname="crmtest.CreateDealTest"/>
  <testcase name="addDeal" time="41.703" classname="crmtest.CreateDealTest"/>
</testsuite> <!-- crmtest.CreateDealTest -->
